<?xml version="1.0" encoding="UTF-8"?>
<testng-results ignored="0" total="1" passed="1" failed="0" skipped="0">
  <reporter-output>
  </reporter-output>
  <suite started-at="2021-10-10T22:49:47 IST" name="Default suite" finished-at="2021-10-10T22:50:06 IST" duration-ms="18321">
    <groups>
    </groups>
    <test started-at="2021-10-10T22:49:47 IST" name="Default test" finished-at="2021-10-10T22:50:06 IST" duration-ms="18321">
      <class name="com.selenium.sample.OrangeHRM">
        <test-method is-config="true" signature="setup()[pri:0, instance:com.selenium.sample.OrangeHRM@1a18644]" started-at="2021-10-10T22:49:47 IST" name="setup" finished-at="2021-10-10T22:49:52 IST" duration-ms="4663" status="PASS">
          <reporter-output>
          </reporter-output>
        </test-method> <!-- setup -->
        <test-method signature="testLogin()[pri:0, instance:com.selenium.sample.OrangeHRM@1a18644]" started-at="2021-10-10T22:49:52 IST" name="testLogin" finished-at="2021-10-10T22:50:04 IST" duration-ms="11825" status="PASS">
          <reporter-output>
          </reporter-output>
        </test-method> <!-- testLogin -->
        <test-method is-config="true" signature="tearDown()[pri:0, instance:com.selenium.sample.OrangeHRM@1a18644]" started-at="2021-10-10T22:50:04 IST" name="tearDown" finished-at="2021-10-10T22:50:06 IST" duration-ms="1804" status="PASS">
          <reporter-output>
          </reporter-output>
        </test-method> <!-- tearDown -->
      </class> <!-- com.selenium.sample.OrangeHRM -->
    </test> <!-- Default test -->
  </suite> <!-- Default suite -->
</testng-results>
